<saml:Assertion MajorVersion="1" MinorVersion="1" AssertionID="_ef47740f-adb2-4c06-b4fb-06c3aba3d10c" Issuer="A70-Garaio-Frontend-U" IssueInstant="2007-08-24T14:45:13.186Z" xmlns:saml="urn:oasis:names:tc:SAML:1.0:assertion"><saml:Conditions NotBefore="2007-08-24T14:40:13.186Z" NotOnOrAfter="2007-08-24T15:50:13.186Z"></saml:Conditions><saml:Advice></saml:Advice><saml:AuthenticationStatement AuthenticationMethod="urn:oasis:names:tc:SAML:1.0:am:password" AuthenticationInstant="2007-08-24T14:45:13.186Z"><saml:Subject><saml:NameIdentifier NameQualifier="urn:sv.fin.be.ch:nameid:1.0:aduser">FAZL@ad.bedag.ch</saml:NameIdentifier><saml:SubjectConfirmation><saml:ConfirmationMethod>urn:oasis:names:tc:SAML:1.0:cm:sender-vouches</saml:ConfirmationMethod></saml:SubjectConfirmation></saml:Subject></saml:AuthenticationStatement><Signature xmlns="http://www.w3.org/2000/09/xmldsig#"><SignedInfo><CanonicalizationMethod Algorithm="http://www.w3.org/2001/10/xml-exc-c14n#"></CanonicalizationMethod><SignatureMethod Algorithm="http://www.w3.org/2000/09/xmldsig#rsa-sha1"></SignatureMethod><Reference URI="#_ef47740f-adb2-4c06-b4fb-06c3aba3d10c"><Transforms><Transform Algorithm="http://www.w3.org/2000/09/xmldsig#enveloped-signature"></Transform><Transform Algorithm="http://www.w3.org/2001/10/xml-exc-c14n#"></Transform></Transforms><DigestMethod Algorithm="http://www.w3.org/2000/09/xmldsig#sha1"></DigestMethod><DigestValue>Ir8/6BBeSwOy2GBXsjZ5asQPnWU=</DigestValue></Reference></SignedInfo><SignatureValue>LjKmibUac6leaVXDcJ/rkZavv58tRSn08tSE29lER2m69fKQXsHRI47UhbRxWaqJwAQsxx/Y+u40Ah2/xDzF/NsugQKI5Vy0SqxdK6xx+EmAprsrEoVAekWxEnrgfs6ksSa4uFlklDjCy1VLdoN7bs9pwQPqEz+31KqquNWU3jg=</SignatureValue><KeyInfo><X509Data><X509Certificate>MIIBvjCCAWygAwIBAgIQlwx8KKbC47BGRyQc8poncTAJBgUrDgMCHQUAMBYxFDASBgNVBAMTC1Jvb3QgQWdlbmN5MB4XDTA3MDUwNDExMTQyMloXDTM5MTIzMTIzNTk1OVowITEfMB0GA1UEAxMWQTcwLUdhcmFpby1Gcm9udGVuZHMtVTCBnzANBgkqhkiG9w0BAQEFAAOBjQAwgYkCgYEAr/xf6i9B8R/hlMjl6bYsW6ef+T8EnOyilNt+jE50kGGUgIiQFtW3sHM8/dAbZCNWpQRamfpmUHOiRFMqyyo1yrvpm0cr275BinNarDschD9ZL/0TmvlZ/4mULjVWDhYWPlkF2pz7XWW6ho3tk7ktyJwDKRf/k6mYQrrHGlNrA0ECAwEAAaNLMEkwRwYDVR0BBEAwPoAQEuQJLQYdHU8AjWEh3BZkY6EYMBYxFDASBgNVBAMTC1Jvb3QgQWdlbmN5ghAGN2wAqgBkihHPuNSqXDX0MAkGBSsOAwIdBQADQQAqsIWclK3rixHwHnm3Sd+qYshWhAzrQP3jVk9BFGev6QpGR7yYBgSCBfnX2bWhTXbXvKf2CLtZyuTBstK6LGso</X509Certificate></X509Data></KeyInfo></Signature></saml:Assertion>